<?xml version="1.0" encoding="UTF-8"?>
<testsuite name="PasswordTest" tests="1" skipped="0" failures="0" errors="0" timestamp="2020-03-05T13:29:51" hostname="admin1-ThinkCentre-M72e" time="0.007">
  <properties/>
  <testcase name="passTest" classname="PasswordTest" time="0.007"/>
  <system-out><![CDATA[valid
valid
Password is Ok
]]></system-out>
  <system-err><![CDATA[]]></system-err>
</testsuite>
